#
# There is insufficient memory for the Java Runtime Environment to continue.
# Native memory allocation (mmap) failed to map 268435456 bytes for G1 virtual space
# Possible reasons:
#   The system is out of physical RAM or swap space
#   The process is running with CompressedOops enabled, and the Java Heap may be blocking the growth of the native heap
# Possible solutions:
#   Reduce memory load on the system
#   Increase physical memory or swap space
#   Check if swap backing store is full
#   Decrease Java heap size (-Xmx/-Xms)
#   Decrease number of Java threads
#   Decrease Java thread stack sizes (-Xss)
#   Set larger code cache with -XX:ReservedCodeCacheSize=
#   JVM is running with Zero Based Compressed Oops mode in which the Java heap is
#     placed in the first 32GB address space. The Java Heap base address is the
#     maximum limit for the native heap growth. Please use -XX:HeapBaseMinAddress
#     to set the Java Heap base and to place the Java Heap above 32GB virtual address.
# This output file may be truncated or incomplete.
#
#  Out of Memory Error (os_windows.cpp:3753), pid=17208, tid=21412
#
# JRE version:  (17.0.4+7) (build )
# Java VM: OpenJDK 64-Bit Server VM (17.0.4+7-b469.53, mixed mode, sharing, tiered, compressed oops, compressed class ptrs, g1 gc, windows-amd64)
# No core dump will be written. Minidumps are not enabled by default on client versions of Windows
#

---------------  S U M M A R Y ------------

Command Line: git4idea.http.GitAskPassApp Username for 'https://github.com': 

Host: Intel(R) Core(TM) i7-6700 CPU @ 3.40GHz, 8 cores, 15G,  Windows 10 , 64 bit Build 19041 (10.0.19041.3155)
Time: Fri Aug 11 05:49:18 2023 Mitteleuropäische Sommerzeit elapsed time: 0.023270 seconds (0d 0h 0m 0s)

---------------  T H R E A D  ---------------

Current thread (0x000001eaacfd6600):  JavaThread "Unknown thread" [_thread_in_vm, id=21412, stack(0x0000003ba6a00000,0x0000003ba6b00000)]

Stack: [0x0000003ba6a00000,0x0000003ba6b00000]
Native frames: (J=compiled Java code, j=interpreted, Vv=VM code, C=native code)
V  [jvm.dll+0x68348a]
V  [jvm.dll+0x83faf4]
V  [jvm.dll+0x84129e]
V  [jvm.dll+0x841903]
V  [jvm.dll+0x2494a5]
V  [jvm.dll+0x680359]
V  [jvm.dll+0x67499a]
V  [jvm.dll+0x3092db]
V  [jvm.dll+0x310796]
V  [jvm.dll+0x36077e]
V  [jvm.dll+0x3609af]
V  [jvm.dll+0x2df3c8]
V  [jvm.dll+0x2e0334]
V  [jvm.dll+0x8112e1]
V  [jvm.dll+0x36e5d1]
V  [jvm.dll+0x7f06bc]
V  [jvm.dll+0x3f16ef]
V  [jvm.dll+0x3f3231]
C  [jli.dll+0x526b]
C  [ucrtbase.dll+0x21bb2]
C  [KERNEL32.DLL+0x17614]
C  [ntdll.dll+0x526b1]


---------------  P R O C E S S  ---------------

Threads class SMR info:
_java_thread_list=0x00007fffa9c87f18, length=0, elements={
}

Java Threads: ( => current thread )

Other Threads:
  0x000001eaad03e790 GCTaskThread "GC Thread#0" [stack: 0x0000003ba6b00000,0x0000003ba6c00000] [id=14092]
  0x000001eaad04f560 ConcurrentGCThread "G1 Main Marker" [stack: 0x0000003ba6c00000,0x0000003ba6d00000] [id=10444]
  0x000001eaad04ff70 ConcurrentGCThread "G1 Conc#0" [stack: 0x0000003ba6d00000,0x0000003ba6e00000] [id=1388]

[error occurred during error reporting (printing all threads), id 0xc0000005, EXCEPTION_ACCESS_VIOLATION (0xc0000005) at pc=0x00007fffa943ff87]

VM state: not at safepoint (not fully initialized)

VM Mutex/Monitor currently owned by a thread:  ([mutex/lock_event])
[0x000001eaacfd21c0] Heap_lock - owner thread: 0x000001eaacfd6600

Heap address: 0x0000000701600000, size: 4074 MB, Compressed Oops mode: Zero based, Oop shift amount: 3

CDS archive(s) mapped at: [0x0000000000000000-0x0000000000000000-0x0000000000000000), size 0, SharedBaseAddress: 0x0000000800000000, ArchiveRelocationMode: 0.
Narrow klass base: 0x0000000000000000, Narrow klass shift: 0, Narrow klass range: 0x0

GC Precious Log:
<Empty>

Heap:
 garbage-first heap   total 0K, used 0K [0x0000000701600000, 0x0000000800000000)
  region size 2048K, 0 young (0K), 0 survivors (0K)

[error occurred during error reporting (printing heap information), id 0xc0000005, EXCEPTION_ACCESS_VIOLATION (0xc0000005) at pc=0x00007fffa982d119]

GC Heap History (0 events):
No events

Deoptimization events (0 events):
No events

Classes unloaded (0 events):
No events

Classes redefined (0 events):
No events

Internal exceptions (0 events):
No events

VM Operations (0 events):
No events

Events (1 events):
Event: 0.012 Loaded shared library D:\Programme\JetBrains\WebStorm\jbr\bin\java.dll


Dynamic libraries:
0x00007ff7fd930000 - 0x00007ff7fd93a000 	D:\Programme\JetBrains\WebStorm\jbr\bin\java.exe
0x00007ff80f7f0000 - 0x00007ff80f9e8000 	C:\WINDOWS\SYSTEM32\ntdll.dll
0x00007ff80d850000 - 0x00007ff80d90f000 	C:\WINDOWS\System32\KERNEL32.DLL
0x00007ff80d320000 - 0x00007ff80d616000 	C:\WINDOWS\System32\KERNELBASE.dll
0x00007ff80d620000 - 0x00007ff80d720000 	C:\WINDOWS\System32\ucrtbase.dll
0x00007ffff6f10000 - 0x00007ffff6f27000 	D:\Programme\JetBrains\WebStorm\jbr\bin\jli.dll
0x00007ff80e070000 - 0x00007ff80e20d000 	C:\WINDOWS\System32\USER32.dll
0x00007ff80d000000 - 0x00007ff80d022000 	C:\WINDOWS\System32\win32u.dll
0x00007ff80dac0000 - 0x00007ff80daec000 	C:\WINDOWS\System32\GDI32.dll
0x00007ff80d030000 - 0x00007ff80d145000 	C:\WINDOWS\System32\gdi32full.dll
0x00007ff80ced0000 - 0x00007ff80cf6d000 	C:\WINDOWS\System32\msvcp_win.dll
0x00007ffff3000000 - 0x00007ffff301b000 	D:\Programme\JetBrains\WebStorm\jbr\bin\VCRUNTIME140.dll
0x00007ff805860000 - 0x00007ff805afa000 	C:\WINDOWS\WinSxS\amd64_microsoft.windows.common-controls_6595b64144ccf1df_6.0.19041.1110_none_60b5254171f9507e\COMCTL32.dll
0x00007ff80ecb0000 - 0x00007ff80ed4e000 	C:\WINDOWS\System32\msvcrt.dll
0x00007ff80e7a0000 - 0x00007ff80e7d0000 	C:\WINDOWS\System32\IMM32.DLL
0x00007ff802350000 - 0x00007ff80235c000 	D:\Programme\JetBrains\WebStorm\jbr\bin\vcruntime140_1.dll
0x00007fffe0d90000 - 0x00007fffe0e1d000 	D:\Programme\JetBrains\WebStorm\jbr\bin\msvcp140.dll
0x00007fffa9150000 - 0x00007fffa9db9000 	D:\Programme\JetBrains\WebStorm\jbr\bin\server\jvm.dll
0x00007ff80f500000 - 0x00007ff80f5af000 	C:\WINDOWS\System32\ADVAPI32.dll
0x00007ff80e6a0000 - 0x00007ff80e73c000 	C:\WINDOWS\System32\sechost.dll
0x00007ff80dbd0000 - 0x00007ff80dcf6000 	C:\WINDOWS\System32\RPCRT4.dll
0x00007ff80daf0000 - 0x00007ff80daf8000 	C:\WINDOWS\System32\PSAPI.DLL
0x00007ff807760000 - 0x00007ff807769000 	C:\WINDOWS\SYSTEM32\WSOCK32.dll
0x00007ff808160000 - 0x00007ff808187000 	C:\WINDOWS\SYSTEM32\WINMM.dll
0x00007ff80ec40000 - 0x00007ff80ecab000 	C:\WINDOWS\System32\WS2_32.dll
0x00007ff8087d0000 - 0x00007ff8087da000 	C:\WINDOWS\SYSTEM32\VERSION.dll
0x00007ff80ada0000 - 0x00007ff80adb2000 	C:\WINDOWS\SYSTEM32\kernel.appcore.dll
0x00007fffc7740000 - 0x00007fffc774a000 	D:\Programme\JetBrains\WebStorm\jbr\bin\jimage.dll
0x00007ff8049f0000 - 0x00007ff804bd4000 	C:\WINDOWS\SYSTEM32\DBGHELP.DLL
0x00007ff803770000 - 0x00007ff8037a4000 	C:\WINDOWS\SYSTEM32\dbgcore.DLL
0x00007ff80cf70000 - 0x00007ff80cff2000 	C:\WINDOWS\System32\bcryptPrimitives.dll
0x00007fffbefe0000 - 0x00007fffbf005000 	D:\Programme\JetBrains\WebStorm\jbr\bin\java.dll

dbghelp: loaded successfully - version: 4.0.5 - missing functions: none
symbol engine: initialized successfully - sym options: 0x614 - pdb path: .;D:\Programme\JetBrains\WebStorm\jbr\bin;C:\WINDOWS\SYSTEM32;C:\WINDOWS\WinSxS\amd64_microsoft.windows.common-controls_6595b64144ccf1df_6.0.19041.1110_none_60b5254171f9507e;D:\Programme\JetBrains\WebStorm\jbr\bin\server

VM Arguments:
java_command: git4idea.http.GitAskPassApp Username for 'https://github.com': 
java_class_path (initial): D:/Programme/JetBrains/WebStorm/plugins/git4idea/lib/git4idea-rt.jar;D:/Programme/JetBrains/WebStorm/lib/externalProcess-rt.jar;D:/Programme/JetBrains/WebStorm/lib/app.jar;D:/Programme/JetBrains/WebStorm/lib/3rd-party-rt.jar
Launcher Type: SUN_STANDARD

[Global flags]
     intx CICompilerCount                          = 4                                         {product} {ergonomic}
     uint ConcGCThreads                            = 2                                         {product} {ergonomic}
     uint G1ConcRefinementThreads                  = 8                                         {product} {ergonomic}
   size_t G1HeapRegionSize                         = 2097152                                   {product} {ergonomic}
    uintx GCDrainStackTargetSize                   = 64                                        {product} {ergonomic}
   size_t InitialHeapSize                          = 268435456                                 {product} {ergonomic}
   size_t MarkStackSize                            = 4194304                                   {product} {ergonomic}
   size_t MaxHeapSize                              = 4271898624                                {product} {ergonomic}
   size_t MinHeapDeltaBytes                        = 2097152                                   {product} {ergonomic}
   size_t MinHeapSize                              = 8388608                                   {product} {ergonomic}
    uintx NonNMethodCodeHeapSize                   = 5839372                                {pd product} {ergonomic}
    uintx NonProfiledCodeHeapSize                  = 122909434                              {pd product} {ergonomic}
    uintx ProfiledCodeHeapSize                     = 122909434                              {pd product} {ergonomic}
    uintx ReservedCodeCacheSize                    = 251658240                              {pd product} {ergonomic}
     bool SegmentedCodeCache                       = true                                      {product} {ergonomic}
   size_t SoftMaxHeapSize                          = 4271898624                             {manageable} {ergonomic}
     bool UseCompressedClassPointers               = true                           {product lp64_product} {ergonomic}
     bool UseCompressedOops                        = true                           {product lp64_product} {ergonomic}
     bool UseG1GC                                  = true                                      {product} {ergonomic}
     bool UseLargePagesIndividualAllocation        = false                                  {pd product} {ergonomic}

Logging:
Log output configuration:
 #0: stdout all=warning uptime,level,tags
 #1: stderr all=off uptime,level,tags

Environment Variables:
JAVA_HOME=D:\development\jdk-11.0.18
PATH=D:\development\Git\mingw64\libexec\git-core;D:\development\Git\mingw64\libexec\git-core;D:\development\Git\mingw64\bin;D:\development\Git\usr\bin;C:\Users\Michael\bin;D:\development\jdk-16.0.1\bin;C:\WINDOWS\system32;C:\WINDOWS;C:\WINDOWS\System32\Wbem;C:\WINDOWS\System32\WindowsPowerShell\v1.0;D:\development\Git\cmd;C:\Program Files\Microsoft SQL Server\Client SDK\ODBC\130\Tools\Binn;C:\Program Files (x86)\Microsoft SQL Server\140\Tools\Binn;C:\Program Files\Microsoft SQL Server\140\Tools\Binn;C:\Program Files\Microsoft SQL Server\140\DTS\Binn;C:\WINDOWS\system32;C:\WINDOWS;C:\WINDOWS\System32\Wbem;C:\WINDOWS\System32\WindowsPowerShell\v1.0;C:\WINDOWS\System32\OpenSSH;D:\development\flutter\bin;C:\Program Files\PuTTY;C:\Program Files (x86)\Intel\Intel(R) Management Engine Components\DAL;C:\Program Files\Intel\Intel(R) Management Engine Components\DAL;C:\Program Files (x86)\AOMEI\AOMEI Backupper 6.4.0;C:\Program Files\Microsoft SQL Server\150\Tools\Binn;C:\Program Files\Microsoft SQL Server\Client SDK\ODBC\170\Tools\Binn;D:\development\node.js;C:\Users\Michael\.amplify\bin;D:\development\Python\Python37\Scripts;D:\development\Python\Python37;D:\development\Python\Python310;D:\development\Python\Python310\Scripts;C:\Users\Michael\AppData\Local\Microsoft\WindowsApps;D:\development\apache-maven-3.3.9\bin;D:\development\flutter\bin;D:\development\IntelliJ\bin;D:\Programme\PostgreSQL\12\bin;C:\Users\Michael\AppData\Local\Microsoft\WindowsApps;D:\development\JetBrains\IntelliJ IDEA Community Edition 2020.2.3\bin;D:\Programme\Google\Cloud SDK\google-cloud-sdk\bin;D:\Programme\OpenSSL-Win32\bin;D:\development\apache-apr;D:\Development\JetBrains\PyCharm Community Edition 2021.2.3\bin;D:\development\opencv\build\java\x64;C:\Users\Michael\.dotnet\tools;C:\Users\Michael\AppData\Roaming\npm;D:\development\Microsoft VS Code\bin
USERNAME=Michael
DISPLAY=:0.0
LC_ALL=en_US.UTF-8
TERM=cygwin
TMPDIR=C:\Users\Michael\AppData\Local\Temp
OS=Windows_NT
PROCESSOR_IDENTIFIER=Intel64 Family 6 Model 94 Stepping 3, GenuineIntel
TMP=C:\Users\Michael\AppData\Local\Temp
TEMP=C:\Users\Michael\AppData\Local\Temp



---------------  S Y S T E M  ---------------

OS:
 Windows 10 , 64 bit Build 19041 (10.0.19041.3155)
OS uptime: 0 days 15:21 hours

CPU: total 8 (initial active 8) (4 cores per cpu, 2 threads per core) family 6 model 94 stepping 3 microcode 0xcc, cx8, cmov, fxsr, ht, mmx, 3dnowpref, sse, sse2, sse3, ssse3, sse4.1, sse4.2, popcnt, lzcnt, tsc, tscinvbit, avx, avx2, aes, erms, clmul, bmi1, bmi2, rtm, adx, fma, vzeroupper, clflush, clflushopt

Memory: 4k page, system-wide physical 16292M (2885M free)
TotalPageFile size 17892M (AvailPageFile size 105M)
current process WorkingSet (physical memory assigned to process): 10M, peak: 10M
current process commit charge ("private bytes"): 60M, peak: 316M

vm_info: OpenJDK 64-Bit Server VM (17.0.4+7-b469.53) for windows-amd64 JRE (17.0.4+7-b469.53), built on 2022-08-29 by "builduser" with MS VC++ 16.10 / 16.11 (VS2019)

END.
